c:\users\lxj\desktop\treebump\treebump\treebump\debug\vc120.pdb
c:\users\lxj\desktop\treebump\treebump\treebump\debug\vc120.idb
c:\users\lxj\desktop\treebump\treebump\treebump\debug\arb_texture_env_combine_extension.obj
c:\users\lxj\desktop\treebump\treebump\treebump\debug\arb_texture_env_dot3_extension.obj
c:\users\lxj\desktop\treebump\treebump\treebump\debug\image_calculatestride.obj
c:\users\lxj\desktop\treebump\treebump\treebump\debug\image_expandpalette.obj
c:\users\lxj\desktop\treebump\treebump\treebump\debug\image_load.obj
c:\users\lxj\desktop\treebump\treebump\treebump\debug\image_loadalpha.obj
c:\users\lxj\desktop\treebump\treebump\treebump\debug\main.obj
c:\users\lxj\desktop\treebump\treebump\treebump\debug\color.obj
c:\users\lxj\desktop\treebump\treebump\treebump\debug\matrix4x4.obj
c:\users\lxj\desktop\treebump\treebump\treebump\debug\plane.obj
c:\users\lxj\desktop\treebump\treebump\treebump\debug\vector2d.obj
c:\users\lxj\desktop\treebump\treebump\treebump\debug\vector3d.obj
c:\users\lxj\desktop\treebump\treebump\treebump\debug\vector4d.obj
c:\users\lxj\desktop\treebump\treebump\treebump\debug\arb_multitexture_extension.obj
c:\users\lxj\desktop\treebump\treebump\treebump\debug\arb_texture_cube_map_extension.obj
c:\users\lxj\desktop\treebump\treebump\treebump\debug\image_loadcompressedtruecolortga.obj
c:\users\lxj\desktop\treebump\treebump\treebump\debug\image_loaduncompressed8bittga.obj
c:\users\lxj\desktop\treebump\treebump\treebump\debug\image_loaduncompressedtruecolortga.obj
c:\users\lxj\desktop\treebump\treebump\treebump\debug\image_load24bitbmp.obj
c:\users\lxj\desktop\treebump\treebump\treebump\debug\image_load8bitbmp.obj
c:\users\lxj\desktop\treebump\treebump\treebump\debug\image_loadbmp.obj
c:\users\lxj\desktop\treebump\treebump\treebump\debug\image_loadtga.obj
c:\users\lxj\desktop\treebump\treebump\treebump\debug\normalisation cube map.obj
c:\users\lxj\desktop\treebump\treebump\treebump\debug\tree.obj
c:\users\lxj\desktop\treebump\treebump\debug\treebump.ilk
c:\users\lxj\desktop\treebump\treebump\debug\treebump.exe
c:\users\lxj\desktop\treebump\treebump\debug\treebump.pdb
c:\users\lxj\desktop\treebump\treebump\treebump\debug\treebump.tlog\cl.command.1.tlog
c:\users\lxj\desktop\treebump\treebump\treebump\debug\treebump.tlog\cl.read.1.tlog
c:\users\lxj\desktop\treebump\treebump\treebump\debug\treebump.tlog\cl.write.1.tlog
c:\users\lxj\desktop\treebump\treebump\treebump\debug\treebump.tlog\link.command.1.tlog
c:\users\lxj\desktop\treebump\treebump\treebump\debug\treebump.tlog\link.read.1.tlog
c:\users\lxj\desktop\treebump\treebump\treebump\debug\treebump.tlog\link.write.1.tlog
